D:\work\cannondemo\cannondemo\jsbin\cannon\demos\BodyTypes_html.js
D:\work\cannondemo\cannondemo\jsbin\cannon\demos\BodyTypes_html.js.map
D:\work\cannondemo\cannondemo\jsbin\cannon\demos\Bounce_html.js
D:\work\cannondemo\cannondemo\jsbin\cannon\demos\Bounce_html.js.map
D:\work\cannondemo\cannondemo\jsbin\cannon\demos\CollisionFilter_html.js
D:\work\cannondemo\cannondemo\jsbin\cannon\demos\CollisionFilter_html.js.map
D:\work\cannondemo\cannondemo\jsbin\cannon\demos\Collisions_html.js
D:\work\cannondemo\cannondemo\jsbin\cannon\demos\Collisions_html.js.map
D:\work\cannondemo\cannondemo\jsbin\cannon\demos\Compound_html.js
D:\work\cannondemo\cannondemo\jsbin\cannon\demos\Compound_html.js.map
D:\work\cannondemo\cannondemo\jsbin\cannon\demos\Constraints_html.js
D:\work\cannondemo\cannondemo\jsbin\cannon\demos\Constraints_html.js.map
D:\work\cannondemo\cannondemo\jsbin\cannon\demos\container_html.js
D:\work\cannondemo\cannondemo\jsbin\cannon\demos\container_html.js.map
D:\work\cannondemo\cannondemo\jsbin\cannon\demos\Convex_html.js
D:\work\cannondemo\cannondemo\jsbin\cannon\demos\Convex_html.js.map
D:\work\cannondemo\cannondemo\jsbin\cannon\demos\DemoBase_html.js
D:\work\cannondemo\cannondemo\jsbin\cannon\demos\DemoBase_html.js.map
D:\work\cannondemo\cannondemo\jsbin\cannon\demos\DemoSceneManager.js
D:\work\cannondemo\cannondemo\jsbin\cannon\demos\DemoSceneManager.js.map
D:\work\cannondemo\cannondemo\jsbin\cannon\demos\FixedRotation_html.js
D:\work\cannondemo\cannondemo\jsbin\cannon\demos\FixedRotation_html.js.map
D:\work\cannondemo\cannondemo\jsbin\cannon\demos\Friction_html.js
D:\work\cannondemo\cannondemo\jsbin\cannon\demos\Friction_html.js.map
D:\work\cannondemo\cannondemo\jsbin\cannon\demos\Heightfield_html.js
D:\work\cannondemo\cannondemo\jsbin\cannon\demos\Heightfield_html.js.map
D:\work\cannondemo\cannondemo\jsbin\cannon\demos\Hinge_html.js
D:\work\cannondemo\cannondemo\jsbin\cannon\demos\Hinge_html.js.map
D:\work\cannondemo\cannondemo\jsbin\cannon\demos\Ragdoll_html.js
D:\work\cannondemo\cannondemo\jsbin\cannon\demos\Ragdoll_html.js.map
D:\work\cannondemo\cannondemo\jsbin\cannon\demos\RaycastVehicle_html.js
D:\work\cannondemo\cannondemo\jsbin\cannon\demos\RaycastVehicle_html.js.map
D:\work\cannondemo\cannondemo\jsbin\cannon\dis\CannonLineSprite.js
D:\work\cannondemo\cannondemo\jsbin\cannon\dis\CannonLineSprite.js.map
D:\work\cannondemo\cannondemo\jsbin\cannon\dis\CanonPrefabSprite.js
D:\work\cannondemo\cannondemo\jsbin\cannon\dis\CanonPrefabSprite.js.map
D:\work\cannondemo\cannondemo\jsbin\cannon\dis\car\BaseMachine.js
D:\work\cannondemo\cannondemo\jsbin\cannon\dis\car\BaseMachine.js.map
D:\work\cannondemo\cannondemo\jsbin\cannon\dis\car\CarBodySprite.js
D:\work\cannondemo\cannondemo\jsbin\cannon\dis\car\CarBodySprite.js.map
D:\work\cannondemo\cannondemo\jsbin\cannon\Physics.js
D:\work\cannondemo\cannondemo\jsbin\cannon\Physics.js.map
D:\work\cannondemo\cannondemo\jsbin\cannon\SceneConanManager.js
D:\work\cannondemo\cannondemo\jsbin\cannon\SceneConanManager.js.map
D:\work\cannondemo\cannondemo\jsbin\pan3dinit\mainpan3d.js
D:\work\cannondemo\cannondemo\jsbin\pan3dinit\mainpan3d.js.map
D:\work\cannondemo\cannondemo\jsbin\pan3dinit\scene2d\AppDataArpg.js
D:\work\cannondemo\cannondemo\jsbin\pan3dinit\scene2d\AppDataArpg.js.map
D:\work\cannondemo\cannondemo\jsbin\pan3dinit\scene2d\CanvasPostionModel.js
D:\work\cannondemo\cannondemo\jsbin\pan3dinit\scene2d\CanvasPostionModel.js.map
D:\work\cannondemo\cannondemo\jsbin\pan3dinit\scene2d\GroundModel.js
D:\work\cannondemo\cannondemo\jsbin\pan3dinit\scene2d\GroundModel.js.map
D:\work\cannondemo\cannondemo\jsbin\pan3dinit\scene2d\override2d\Override2dEngine.js
D:\work\cannondemo\cannondemo\jsbin\pan3dinit\scene2d\override2d\Override2dEngine.js.map
D:\work\cannondemo\cannondemo\jsbin\pan3dinit\scene2d\override2d\Override2dSceneManager.js
D:\work\cannondemo\cannondemo\jsbin\pan3dinit\scene2d\override2d\Override2dSceneManager.js.map
D:\work\cannondemo\cannondemo\jsbin\pan3dinit\scene2d\Scene2dChar.js
D:\work\cannondemo\cannondemo\jsbin\pan3dinit\scene2d\Scene2dChar.js.map
D:\work\cannondemo\cannondemo\jsbin\pan3dinit\scene2d\Scene2dInit.js
D:\work\cannondemo\cannondemo\jsbin\pan3dinit\scene2d\Scene2dInit.js.map
D:\work\cannondemo\cannondemo\jsbin\pan3dinit\scene3d\override\OverrideBloodManager.js
D:\work\cannondemo\cannondemo\jsbin\pan3dinit\scene3d\override\OverrideBloodManager.js.map
D:\work\cannondemo\cannondemo\jsbin\pan3dinit\scene3d\override\OverrideEngine.js
D:\work\cannondemo\cannondemo\jsbin\pan3dinit\scene3d\override\OverrideEngine.js.map
D:\work\cannondemo\cannondemo\jsbin\pan3dinit\scene3d\override\OverrideSceneManager.js
D:\work\cannondemo\cannondemo\jsbin\pan3dinit\scene3d\override\OverrideSceneManager.js.map
D:\work\cannondemo\cannondemo\jsbin\pan3dinit\scene3d\Scene3dInit.js
D:\work\cannondemo\cannondemo\jsbin\pan3dinit\scene3d\Scene3dInit.js.map
D:\work\cannondemo\cannondemo\jsbin\pan3dinit\scenedis\CharModelShow.js
D:\work\cannondemo\cannondemo\jsbin\pan3dinit\scenedis\CharModelShow.js.map
D:\work\cannondemo\cannondemo\jsbin\pan3dinit\scenedis\CharSkillPlayModel.js
D:\work\cannondemo\cannondemo\jsbin\pan3dinit\scenedis\CharSkillPlayModel.js.map
D:\work\cannondemo\cannondemo\jsbin\pan3dinit\scenedis\ModelSceneChar.js
D:\work\cannondemo\cannondemo\jsbin\pan3dinit\scenedis\ModelSceneChar.js.map
D:\work\cannondemo\cannondemo\jsbin\pan3dinit\scenedis\ModelshowMouseManager.js
D:\work\cannondemo\cannondemo\jsbin\pan3dinit\scenedis\ModelshowMouseManager.js.map
D:\work\cannondemo\cannondemo\jsbin\pan3dinit\scenedis\SceneMouseEventModel.js
D:\work\cannondemo\cannondemo\jsbin\pan3dinit\scenedis\SceneMouseEventModel.js.map
D:\work\cannondemo\cannondemo\jsbin\pan3dinit\scenedis\SkillSceneChar.js
D:\work\cannondemo\cannondemo\jsbin\pan3dinit\scenedis\SkillSceneChar.js.map
D:\work\cannondemo\cannondemo\jsbin\pan3d\baseprite\BaseProcessor.js
D:\work\cannondemo\cannondemo\jsbin\pan3d\baseprite\BaseProcessor.js.map
D:\work\cannondemo\cannondemo\jsbin\pan3d\baseprite\CharAction.js
D:\work\cannondemo\cannondemo\jsbin\pan3d\baseprite\CharAction.js.map
D:\work\cannondemo\cannondemo\jsbin\pan3d\baseprite\GameInstance.js
D:\work\cannondemo\cannondemo\jsbin\pan3d\baseprite\GameInstance.js.map
D:\work\cannondemo\cannondemo\jsbin\pan3d\baseprite\GameMouseManager.js
D:\work\cannondemo\cannondemo\jsbin\pan3d\baseprite\GameMouseManager.js.map
D:\work\cannondemo\cannondemo\jsbin\pan3d\baseprite\GameStart.js
D:\work\cannondemo\cannondemo\jsbin\pan3d\baseprite\GameStart.js.map
D:\work\cannondemo\cannondemo\jsbin\pan3d\baseprite\MountChar.js
D:\work\cannondemo\cannondemo\jsbin\pan3d\baseprite\MountChar.js.map
D:\work\cannondemo\cannondemo\jsbin\pan3d\baseprite\SceneBaseChar.js
D:\work\cannondemo\cannondemo\jsbin\pan3d\baseprite\SceneBaseChar.js.map
D:\work\cannondemo\cannondemo\jsbin\pan3d\baseprite\SceneChar.js
D:\work\cannondemo\cannondemo\jsbin\pan3d\baseprite\SceneChar.js.map
D:\work\cannondemo\cannondemo\jsbin\pan3d\baseprite\Unit.js
D:\work\cannondemo\cannondemo\jsbin\pan3d\baseprite\Unit.js.map
D:\work\cannondemo\cannondemo\jsbin\pan3d\engine\base\BitMapData.js
D:\work\cannondemo\cannondemo\jsbin\pan3d\engine\base\BitMapData.js.map
D:\work\cannondemo\cannondemo\jsbin\pan3d\engine\base\Camera3D.js
D:\work\cannondemo\cannondemo\jsbin\pan3d\engine\base\Camera3D.js.map
D:\work\cannondemo\cannondemo\jsbin\pan3d\engine\base\ColorType.js
D:\work\cannondemo\cannondemo\jsbin\pan3d\engine\base\ColorType.js.map
D:\work\cannondemo\cannondemo\jsbin\pan3d\engine\base\Dictionary.js
D:\work\cannondemo\cannondemo\jsbin\pan3d\engine\base\Dictionary.js.map
D:\work\cannondemo\cannondemo\jsbin\pan3d\engine\base\GC.js
D:\work\cannondemo\cannondemo\jsbin\pan3d\engine\base\GC.js.map
D:\work\cannondemo\cannondemo\jsbin\pan3d\engine\base\MeshData.js
D:\work\cannondemo\cannondemo\jsbin\pan3d\engine\base\MeshData.js.map
D:\work\cannondemo\cannondemo\jsbin\pan3d\engine\base\ObjData.js
D:\work\cannondemo\cannondemo\jsbin\pan3d\engine\base\ObjData.js.map
D:\work\cannondemo\cannondemo\jsbin\pan3d\engine\base\Object3D.js
D:\work\cannondemo\cannondemo\jsbin\pan3d\engine\base\Object3D.js.map
D:\work\cannondemo\cannondemo\jsbin\pan3d\engine\base\ResCount.js
D:\work\cannondemo\cannondemo\jsbin\pan3d\engine\base\ResCount.js.map
D:\work\cannondemo\cannondemo\jsbin\pan3d\engine\base\ResGC.js
D:\work\cannondemo\cannondemo\jsbin\pan3d\engine\base\ResGC.js.map
D:\work\cannondemo\cannondemo\jsbin\pan3d\engine\context\Context3D.js
D:\work\cannondemo\cannondemo\jsbin\pan3d\engine\context\Context3D.js.map
D:\work\cannondemo\cannondemo\jsbin\pan3d\engine\context\Scene_data.js
D:\work\cannondemo\cannondemo\jsbin\pan3d\engine\context\Scene_data.js.map
D:\work\cannondemo\cannondemo\jsbin\pan3d\engine\display3D\BaseDiplay3dSprite.js
D:\work\cannondemo\cannondemo\jsbin\pan3d\engine\display3D\BaseDiplay3dSprite.js.map
D:\work\cannondemo\cannondemo\jsbin\pan3d\engine\display3D\Display2dMovie.js
D:\work\cannondemo\cannondemo\jsbin\pan3d\engine\display3D\Display2dMovie.js.map
D:\work\cannondemo\cannondemo\jsbin\pan3d\engine\display3D\Display2DSprite.js
D:\work\cannondemo\cannondemo\jsbin\pan3d\engine\display3D\Display2DSprite.js.map
D:\work\cannondemo\cannondemo\jsbin\pan3d\engine\display3D\Display3D.js
D:\work\cannondemo\cannondemo\jsbin\pan3d\engine\display3D\Display3D.js.map
D:\work\cannondemo\cannondemo\jsbin\pan3d\engine\display3D\Display3dBatchMovie.js
D:\work\cannondemo\cannondemo\jsbin\pan3d\engine\display3D\Display3dBatchMovie.js.map
D:\work\cannondemo\cannondemo\jsbin\pan3d\engine\display3D\Display3dBg.js
D:\work\cannondemo\cannondemo\jsbin\pan3d\engine\display3D\Display3dBg.js.map
D:\work\cannondemo\cannondemo\jsbin\pan3d\engine\display3D\Display3dMovie.js
D:\work\cannondemo\cannondemo\jsbin\pan3d\engine\display3D\Display3dMovie.js.map
D:\work\cannondemo\cannondemo\jsbin\pan3d\engine\display3D\Display3dShadow.js
D:\work\cannondemo\cannondemo\jsbin\pan3d\engine\display3D\Display3dShadow.js.map
D:\work\cannondemo\cannondemo\jsbin\pan3d\engine\display3D\Display3DSky.js
D:\work\cannondemo\cannondemo\jsbin\pan3d\engine\display3D\Display3DSky.js.map
D:\work\cannondemo\cannondemo\jsbin\pan3d\engine\display3D\Display3DSprite.js
D:\work\cannondemo\cannondemo\jsbin\pan3d\engine\display3D\Display3DSprite.js.map
D:\work\cannondemo\cannondemo\jsbin\pan3d\engine\display3D\Display3DUISprite.js
D:\work\cannondemo\cannondemo\jsbin\pan3d\engine\display3D\Display3DUISprite.js.map
D:\work\cannondemo\cannondemo\jsbin\pan3d\engine\display3D\interfaces\IBind.js
D:\work\cannondemo\cannondemo\jsbin\pan3d\engine\display3D\interfaces\IBind.js.map
D:\work\cannondemo\cannondemo\jsbin\pan3d\engine\display3D\terrain\TerrainDisplay3DSprite.js
D:\work\cannondemo\cannondemo\jsbin\pan3d\engine\display3D\terrain\TerrainDisplay3DSprite.js.map
D:\work\cannondemo\cannondemo\jsbin\pan3d\engine\Engine.js
D:\work\cannondemo\cannondemo\jsbin\pan3d\engine\Engine.js.map
D:\work\cannondemo\cannondemo\jsbin\pan3d\engine\events\Event.js
D:\work\cannondemo\cannondemo\jsbin\pan3d\engine\events\Event.js.map
D:\work\cannondemo\cannondemo\jsbin\pan3d\engine\events\EventDispatcher.js
D:\work\cannondemo\cannondemo\jsbin\pan3d\engine\events\EventDispatcher.js.map
D:\work\cannondemo\cannondemo\jsbin\pan3d\engine\FpsStage.js
D:\work\cannondemo\cannondemo\jsbin\pan3d\engine\FpsStage.js.map
D:\work\cannondemo\cannondemo\jsbin\pan3d\engine\material\ConstItem.js
D:\work\cannondemo\cannondemo\jsbin\pan3d\engine\material\ConstItem.js.map
D:\work\cannondemo\cannondemo\jsbin\pan3d\engine\material\DynamicBaseConstItem.js
D:\work\cannondemo\cannondemo\jsbin\pan3d\engine\material\DynamicBaseConstItem.js.map
D:\work\cannondemo\cannondemo\jsbin\pan3d\engine\material\DynamicBaseTexItem.js
D:\work\cannondemo\cannondemo\jsbin\pan3d\engine\material\DynamicBaseTexItem.js.map
D:\work\cannondemo\cannondemo\jsbin\pan3d\engine\material\DynamicConstItem.js
D:\work\cannondemo\cannondemo\jsbin\pan3d\engine\material\DynamicConstItem.js.map
D:\work\cannondemo\cannondemo\jsbin\pan3d\engine\material\DynamicTexItem.js
D:\work\cannondemo\cannondemo\jsbin\pan3d\engine\material\DynamicTexItem.js.map
D:\work\cannondemo\cannondemo\jsbin\pan3d\engine\material\Material.js
D:\work\cannondemo\cannondemo\jsbin\pan3d\engine\material\Material.js.map
D:\work\cannondemo\cannondemo\jsbin\pan3d\engine\material\MaterialBaseParam.js
D:\work\cannondemo\cannondemo\jsbin\pan3d\engine\material\MaterialBaseParam.js.map
D:\work\cannondemo\cannondemo\jsbin\pan3d\engine\material\MaterialManager.js
D:\work\cannondemo\cannondemo\jsbin\pan3d\engine\material\MaterialManager.js.map
D:\work\cannondemo\cannondemo\jsbin\pan3d\engine\material\MaterialParam.js
D:\work\cannondemo\cannondemo\jsbin\pan3d\engine\material\MaterialParam.js.map
D:\work\cannondemo\cannondemo\jsbin\pan3d\engine\material\TexItem.js
D:\work\cannondemo\cannondemo\jsbin\pan3d\engine\material\TexItem.js.map
D:\work\cannondemo\cannondemo\jsbin\pan3d\engine\material\TextureCube.js
D:\work\cannondemo\cannondemo\jsbin\pan3d\engine\material\TextureCube.js.map
D:\work\cannondemo\cannondemo\jsbin\pan3d\engine\material\TextureManager.js
D:\work\cannondemo\cannondemo\jsbin\pan3d\engine\material\TextureManager.js.map
D:\work\cannondemo\cannondemo\jsbin\pan3d\engine\material\TextureRes.js
D:\work\cannondemo\cannondemo\jsbin\pan3d\engine\material\TextureRes.js.map
D:\work\cannondemo\cannondemo\jsbin\pan3d\engine\math\Pan3dByteArray.js
D:\work\cannondemo\cannondemo\jsbin\pan3d\engine\math\Pan3dByteArray.js.map
D:\work\cannondemo\cannondemo\jsbin\pan3d\engine\math\Calculation.js
D:\work\cannondemo\cannondemo\jsbin\pan3d\engine\math\Calculation.js.map
D:\work\cannondemo\cannondemo\jsbin\pan3d\engine\math\Circle.js
D:\work\cannondemo\cannondemo\jsbin\pan3d\engine\math\Circle.js.map
D:\work\cannondemo\cannondemo\jsbin\pan3d\engine\math\Groundposition.js
D:\work\cannondemo\cannondemo\jsbin\pan3d\engine\math\Groundposition.js.map
D:\work\cannondemo\cannondemo\jsbin\pan3d\engine\math\MathClass.js
D:\work\cannondemo\cannondemo\jsbin\pan3d\engine\math\MathClass.js.map
D:\work\cannondemo\cannondemo\jsbin\pan3d\engine\math\MathUtil.js
D:\work\cannondemo\cannondemo\jsbin\pan3d\engine\math\MathUtil.js.map
D:\work\cannondemo\cannondemo\jsbin\pan3d\engine\math\Matrix3D.js
D:\work\cannondemo\cannondemo\jsbin\pan3d\engine\math\Matrix3D.js.map
D:\work\cannondemo\cannondemo\jsbin\pan3d\engine\math\Quaternion.js
D:\work\cannondemo\cannondemo\jsbin\pan3d\engine\math\Quaternion.js.map
D:\work\cannondemo\cannondemo\jsbin\pan3d\engine\math\Rectangle.js
D:\work\cannondemo\cannondemo\jsbin\pan3d\engine\math\Rectangle.js.map
D:\work\cannondemo\cannondemo\jsbin\pan3d\engine\math\TestTriangle.js
D:\work\cannondemo\cannondemo\jsbin\pan3d\engine\math\TestTriangle.js.map
D:\work\cannondemo\cannondemo\jsbin\pan3d\engine\math\Vector2D.js
D:\work\cannondemo\cannondemo\jsbin\pan3d\engine\math\Vector2D.js.map
D:\work\cannondemo\cannondemo\jsbin\pan3d\engine\math\Vector3D.js
D:\work\cannondemo\cannondemo\jsbin\pan3d\engine\math\Vector3D.js.map
D:\work\cannondemo\cannondemo\jsbin\pan3d\engine\net\NetManager.js
D:\work\cannondemo\cannondemo\jsbin\pan3d\engine\net\NetManager.js.map
D:\work\cannondemo\cannondemo\jsbin\pan3d\engine\net\obj\BinLogStru.js
D:\work\cannondemo\cannondemo\jsbin\pan3d\engine\net\obj\BinLogStru.js.map
D:\work\cannondemo\cannondemo\jsbin\pan3d\engine\net\obj\GuidObject.js
D:\work\cannondemo\cannondemo\jsbin\pan3d\engine\net\obj\GuidObject.js.map
D:\work\cannondemo\cannondemo\jsbin\pan3d\engine\net\obj\GuidObjectTable.js
D:\work\cannondemo\cannondemo\jsbin\pan3d\engine\net\obj\GuidObjectTable.js.map
D:\work\cannondemo\cannondemo\jsbin\pan3d\engine\net\obj\NetEventDispatcher.js
D:\work\cannondemo\cannondemo\jsbin\pan3d\engine\net\obj\NetEventDispatcher.js.map
D:\work\cannondemo\cannondemo\jsbin\pan3d\engine\net\obj\ObjectDef.js
D:\work\cannondemo\cannondemo\jsbin\pan3d\engine\net\obj\ObjectDef.js.map
D:\work\cannondemo\cannondemo\jsbin\pan3d\engine\net\obj\StringIndexer.js
D:\work\cannondemo\cannondemo\jsbin\pan3d\engine\net\obj\StringIndexer.js.map
D:\work\cannondemo\cannondemo\jsbin\pan3d\engine\net\obj\SyncEvent.js
D:\work\cannondemo\cannondemo\jsbin\pan3d\engine\net\obj\SyncEvent.js.map
D:\work\cannondemo\cannondemo\jsbin\pan3d\engine\net\obj\SyncEventFilter.js
D:\work\cannondemo\cannondemo\jsbin\pan3d\engine\net\obj\SyncEventFilter.js.map
D:\work\cannondemo\cannondemo\jsbin\pan3d\engine\net\obj\SyncEventRecorder.js
D:\work\cannondemo\cannondemo\jsbin\pan3d\engine\net\obj\SyncEventRecorder.js.map
D:\work\cannondemo\cannondemo\jsbin\pan3d\engine\net\obj\UpdateMask.js
D:\work\cannondemo\cannondemo\jsbin\pan3d\engine\net\obj\UpdateMask.js.map
D:\work\cannondemo\cannondemo\jsbin\pan3d\engine\net\script\clientmsg.js
D:\work\cannondemo\cannondemo\jsbin\pan3d\engine\net\script\clientmsg.js.map
D:\work\cannondemo\cannondemo\jsbin\pan3d\engine\net\script\clientstru.js
D:\work\cannondemo\cannondemo\jsbin\pan3d\engine\net\script\clientstru.js.map
D:\work\cannondemo\cannondemo\jsbin\pan3d\engine\net\script\Protocols.js
D:\work\cannondemo\cannondemo\jsbin\pan3d\engine\net\script\Protocols.js.map
D:\work\cannondemo\cannondemo\jsbin\pan3d\engine\particle\ball\Display3DBallPartilce.js
D:\work\cannondemo\cannondemo\jsbin\pan3d\engine\particle\ball\Display3DBallPartilce.js.map
D:\work\cannondemo\cannondemo\jsbin\pan3d\engine\particle\ball\Display3DBallShader.js
D:\work\cannondemo\cannondemo\jsbin\pan3d\engine\particle\ball\Display3DBallShader.js.map
D:\work\cannondemo\cannondemo\jsbin\pan3d\engine\particle\ball\ParticleBallData.js
D:\work\cannondemo\cannondemo\jsbin\pan3d\engine\particle\ball\ParticleBallData.js.map
D:\work\cannondemo\cannondemo\jsbin\pan3d\engine\particle\ball\ParticleBallGpuData.js
D:\work\cannondemo\cannondemo\jsbin\pan3d\engine\particle\ball\ParticleBallGpuData.js.map
D:\work\cannondemo\cannondemo\jsbin\pan3d\engine\particle\bone\Display3DBonePartilce.js
D:\work\cannondemo\cannondemo\jsbin\pan3d\engine\particle\bone\Display3DBonePartilce.js.map
D:\work\cannondemo\cannondemo\jsbin\pan3d\engine\particle\bone\ParticleBoneData.js
D:\work\cannondemo\cannondemo\jsbin\pan3d\engine\particle\bone\ParticleBoneData.js.map
D:\work\cannondemo\cannondemo\jsbin\pan3d\engine\particle\CombineParticle.js
D:\work\cannondemo\cannondemo\jsbin\pan3d\engine\particle\CombineParticle.js.map
D:\work\cannondemo\cannondemo\jsbin\pan3d\engine\particle\CombineParticleData.js
D:\work\cannondemo\cannondemo\jsbin\pan3d\engine\particle\CombineParticleData.js.map
D:\work\cannondemo\cannondemo\jsbin\pan3d\engine\particle\ctrl\AxisMove.js
D:\work\cannondemo\cannondemo\jsbin\pan3d\engine\particle\ctrl\AxisMove.js.map
D:\work\cannondemo\cannondemo\jsbin\pan3d\engine\particle\ctrl\AxisRotaion.js
D:\work\cannondemo\cannondemo\jsbin\pan3d\engine\particle\ctrl\AxisRotaion.js.map
D:\work\cannondemo\cannondemo\jsbin\pan3d\engine\particle\ctrl\BaseAnim.js
D:\work\cannondemo\cannondemo\jsbin\pan3d\engine\particle\ctrl\BaseAnim.js.map
D:\work\cannondemo\cannondemo\jsbin\pan3d\engine\particle\ctrl\KeyFrame.js
D:\work\cannondemo\cannondemo\jsbin\pan3d\engine\particle\ctrl\KeyFrame.js.map
D:\work\cannondemo\cannondemo\jsbin\pan3d\engine\particle\ctrl\ScaleAnim.js
D:\work\cannondemo\cannondemo\jsbin\pan3d\engine\particle\ctrl\ScaleAnim.js.map
D:\work\cannondemo\cannondemo\jsbin\pan3d\engine\particle\ctrl\ScaleChange.js
D:\work\cannondemo\cannondemo\jsbin\pan3d\engine\particle\ctrl\ScaleChange.js.map
D:\work\cannondemo\cannondemo\jsbin\pan3d\engine\particle\ctrl\ScaleNoise.js
D:\work\cannondemo\cannondemo\jsbin\pan3d\engine\particle\ctrl\ScaleNoise.js.map
D:\work\cannondemo\cannondemo\jsbin\pan3d\engine\particle\ctrl\SelfRotation.js
D:\work\cannondemo\cannondemo\jsbin\pan3d\engine\particle\ctrl\SelfRotation.js.map
D:\work\cannondemo\cannondemo\jsbin\pan3d\engine\particle\ctrl\TimeLine.js
D:\work\cannondemo\cannondemo\jsbin\pan3d\engine\particle\ctrl\TimeLine.js.map
D:\work\cannondemo\cannondemo\jsbin\pan3d\engine\particle\ctrl\TimeLineData.js
D:\work\cannondemo\cannondemo\jsbin\pan3d\engine\particle\ctrl\TimeLineData.js.map
D:\work\cannondemo\cannondemo\jsbin\pan3d\engine\particle\Display3DParticle.js
D:\work\cannondemo\cannondemo\jsbin\pan3d\engine\particle\Display3DParticle.js.map
D:\work\cannondemo\cannondemo\jsbin\pan3d\engine\particle\facet\Display3DFacetParticle.js
D:\work\cannondemo\cannondemo\jsbin\pan3d\engine\particle\facet\Display3DFacetParticle.js.map
D:\work\cannondemo\cannondemo\jsbin\pan3d\engine\particle\facet\Display3DFacetShader.js
D:\work\cannondemo\cannondemo\jsbin\pan3d\engine\particle\facet\Display3DFacetShader.js.map
D:\work\cannondemo\cannondemo\jsbin\pan3d\engine\particle\facet\ParticleFacetData.js
D:\work\cannondemo\cannondemo\jsbin\pan3d\engine\particle\facet\ParticleFacetData.js.map
D:\work\cannondemo\cannondemo\jsbin\pan3d\engine\particle\followlocus\Display3DFollowLocusPartilce.js
D:\work\cannondemo\cannondemo\jsbin\pan3d\engine\particle\followlocus\Display3DFollowLocusPartilce.js.map
D:\work\cannondemo\cannondemo\jsbin\pan3d\engine\particle\followlocus\Display3DFollowLocusShader.js
D:\work\cannondemo\cannondemo\jsbin\pan3d\engine\particle\followlocus\Display3DFollowLocusShader.js.map
D:\work\cannondemo\cannondemo\jsbin\pan3d\engine\particle\followlocus\ParticleFollowLocusData.js
D:\work\cannondemo\cannondemo\jsbin\pan3d\engine\particle\followlocus\ParticleFollowLocusData.js.map
D:\work\cannondemo\cannondemo\jsbin\pan3d\engine\particle\follow\Display3DFollowPartilce.js
D:\work\cannondemo\cannondemo\jsbin\pan3d\engine\particle\follow\Display3DFollowPartilce.js.map
D:\work\cannondemo\cannondemo\jsbin\pan3d\engine\particle\follow\Display3DFollowShader.js
D:\work\cannondemo\cannondemo\jsbin\pan3d\engine\particle\follow\Display3DFollowShader.js.map
D:\work\cannondemo\cannondemo\jsbin\pan3d\engine\particle\follow\ParticleFollowData.js
D:\work\cannondemo\cannondemo\jsbin\pan3d\engine\particle\follow\ParticleFollowData.js.map
D:\work\cannondemo\cannondemo\jsbin\pan3d\engine\particle\locusball\Display3DLocusBallPartilce.js
D:\work\cannondemo\cannondemo\jsbin\pan3d\engine\particle\locusball\Display3DLocusBallPartilce.js.map
D:\work\cannondemo\cannondemo\jsbin\pan3d\engine\particle\locusball\ParticleLocusballData.js
D:\work\cannondemo\cannondemo\jsbin\pan3d\engine\particle\locusball\ParticleLocusballData.js.map
D:\work\cannondemo\cannondemo\jsbin\pan3d\engine\particle\locus\Display3DLocusPartilce.js
D:\work\cannondemo\cannondemo\jsbin\pan3d\engine\particle\locus\Display3DLocusPartilce.js.map
D:\work\cannondemo\cannondemo\jsbin\pan3d\engine\particle\locus\Display3DLocusShader.js
D:\work\cannondemo\cannondemo\jsbin\pan3d\engine\particle\locus\Display3DLocusShader.js.map
D:\work\cannondemo\cannondemo\jsbin\pan3d\engine\particle\locus\ParticleLocusData.js
D:\work\cannondemo\cannondemo\jsbin\pan3d\engine\particle\locus\ParticleLocusData.js.map
D:\work\cannondemo\cannondemo\jsbin\pan3d\engine\particle\model\Display3dModelAnimParticle.js
D:\work\cannondemo\cannondemo\jsbin\pan3d\engine\particle\model\Display3dModelAnimParticle.js.map
D:\work\cannondemo\cannondemo\jsbin\pan3d\engine\particle\model\Display3DModelObjParticle.js
D:\work\cannondemo\cannondemo\jsbin\pan3d\engine\particle\model\Display3DModelObjParticle.js.map
D:\work\cannondemo\cannondemo\jsbin\pan3d\engine\particle\model\Display3DModelPartilce.js
D:\work\cannondemo\cannondemo\jsbin\pan3d\engine\particle\model\Display3DModelPartilce.js.map
D:\work\cannondemo\cannondemo\jsbin\pan3d\engine\particle\model\ParticleModelData.js
D:\work\cannondemo\cannondemo\jsbin\pan3d\engine\particle\model\ParticleModelData.js.map
D:\work\cannondemo\cannondemo\jsbin\pan3d\engine\particle\ParticleData.js
D:\work\cannondemo\cannondemo\jsbin\pan3d\engine\particle\ParticleData.js.map
D:\work\cannondemo\cannondemo\jsbin\pan3d\engine\particle\ParticleGpuData.js
D:\work\cannondemo\cannondemo\jsbin\pan3d\engine\particle\ParticleGpuData.js.map
D:\work\cannondemo\cannondemo\jsbin\pan3d\engine\particle\ParticleManager.js
D:\work\cannondemo\cannondemo\jsbin\pan3d\engine\particle\ParticleManager.js.map
D:\work\cannondemo\cannondemo\jsbin\pan3d\engine\program\BuildShader.js
D:\work\cannondemo\cannondemo\jsbin\pan3d\engine\program\BuildShader.js.map
D:\work\cannondemo\cannondemo\jsbin\pan3d\engine\program\Display3DShadowShader.js
D:\work\cannondemo\cannondemo\jsbin\pan3d\engine\program\Display3DShadowShader.js.map
D:\work\cannondemo\cannondemo\jsbin\pan3d\engine\program\MaterialAnimShader.js
D:\work\cannondemo\cannondemo\jsbin\pan3d\engine\program\MaterialAnimShader.js.map
D:\work\cannondemo\cannondemo\jsbin\pan3d\engine\program\MaterialBatchAnimShader.js
D:\work\cannondemo\cannondemo\jsbin\pan3d\engine\program\MaterialBatchAnimShader.js.map
D:\work\cannondemo\cannondemo\jsbin\pan3d\engine\program\MaterialShader.js
D:\work\cannondemo\cannondemo\jsbin\pan3d\engine\program\MaterialShader.js.map
D:\work\cannondemo\cannondemo\jsbin\pan3d\engine\program\Movie2DShader.js
D:\work\cannondemo\cannondemo\jsbin\pan3d\engine\program\Movie2DShader.js.map
D:\work\cannondemo\cannondemo\jsbin\pan3d\engine\program\ProgramManager.js
D:\work\cannondemo\cannondemo\jsbin\pan3d\engine\program\ProgramManager.js.map
D:\work\cannondemo\cannondemo\jsbin\pan3d\engine\program\Shader3D.js
D:\work\cannondemo\cannondemo\jsbin\pan3d\engine\program\Shader3D.js.map
D:\work\cannondemo\cannondemo\jsbin\pan3d\engine\program\SkyShader.js
D:\work\cannondemo\cannondemo\jsbin\pan3d\engine\program\SkyShader.js.map
D:\work\cannondemo\cannondemo\jsbin\pan3d\engine\program\Sprite2DShader.js
D:\work\cannondemo\cannondemo\jsbin\pan3d\engine\program\Sprite2DShader.js.map
D:\work\cannondemo\cannondemo\jsbin\pan3d\engine\program\TerrainDisplay3DShader.js
D:\work\cannondemo\cannondemo\jsbin\pan3d\engine\program\TerrainDisplay3DShader.js.map
D:\work\cannondemo\cannondemo\jsbin\pan3d\engine\program\UIImageShager.js
D:\work\cannondemo\cannondemo\jsbin\pan3d\engine\program\UIImageShager.js.map
D:\work\cannondemo\cannondemo\jsbin\pan3d\engine\program\UIMaskShader.js
D:\work\cannondemo\cannondemo\jsbin\pan3d\engine\program\UIMaskShader.js.map
D:\work\cannondemo\cannondemo\jsbin\pan3d\engine\program\UIShader.js
D:\work\cannondemo\cannondemo\jsbin\pan3d\engine\program\UIShader.js.map
D:\work\cannondemo\cannondemo\jsbin\pan3d\engine\scene\grldLevel\LineDisplayShader.js
D:\work\cannondemo\cannondemo\jsbin\pan3d\engine\scene\grldLevel\LineDisplayShader.js.map
D:\work\cannondemo\cannondemo\jsbin\pan3d\engine\scene\grldLevel\LineDisplaySprite.js
D:\work\cannondemo\cannondemo\jsbin\pan3d\engine\scene\grldLevel\LineDisplaySprite.js.map
D:\work\cannondemo\cannondemo\jsbin\pan3d\engine\scene\SceneManager.js
D:\work\cannondemo\cannondemo\jsbin\pan3d\engine\scene\SceneManager.js.map
D:\work\cannondemo\cannondemo\jsbin\pan3d\engine\scene\SceneRes.js
D:\work\cannondemo\cannondemo\jsbin\pan3d\engine\scene\SceneRes.js.map
D:\work\cannondemo\cannondemo\jsbin\pan3d\engine\scene\SceneResLow.js
D:\work\cannondemo\cannondemo\jsbin\pan3d\engine\scene\SceneResLow.js.map
D:\work\cannondemo\cannondemo\jsbin\pan3d\engine\scene\tree\QuadTreeNode.js
D:\work\cannondemo\cannondemo\jsbin\pan3d\engine\scene\tree\QuadTreeNode.js.map
D:\work\cannondemo\cannondemo\jsbin\pan3d\engine\scene\tree\SceneQuadTree.js
D:\work\cannondemo\cannondemo\jsbin\pan3d\engine\scene\tree\SceneQuadTree.js.map
D:\work\cannondemo\cannondemo\jsbin\pan3d\engine\scene\ViewFrustum.js
D:\work\cannondemo\cannondemo\jsbin\pan3d\engine\scene\ViewFrustum.js.map
D:\work\cannondemo\cannondemo\jsbin\pan3d\engine\skill\key\SkillEffect.js
D:\work\cannondemo\cannondemo\jsbin\pan3d\engine\skill\key\SkillEffect.js.map
D:\work\cannondemo\cannondemo\jsbin\pan3d\engine\skill\key\SkillFixEffect.js
D:\work\cannondemo\cannondemo\jsbin\pan3d\engine\skill\key\SkillFixEffect.js.map
D:\work\cannondemo\cannondemo\jsbin\pan3d\engine\skill\key\SkillKey.js
D:\work\cannondemo\cannondemo\jsbin\pan3d\engine\skill\key\SkillKey.js.map
D:\work\cannondemo\cannondemo\jsbin\pan3d\engine\skill\key\SkillMulTrajectory.js
D:\work\cannondemo\cannondemo\jsbin\pan3d\engine\skill\key\SkillMulTrajectory.js.map
D:\work\cannondemo\cannondemo\jsbin\pan3d\engine\skill\key\SkillTrajectory.js
D:\work\cannondemo\cannondemo\jsbin\pan3d\engine\skill\key\SkillTrajectory.js.map
D:\work\cannondemo\cannondemo\jsbin\pan3d\engine\skill\path\PathManager.js
D:\work\cannondemo\cannondemo\jsbin\pan3d\engine\skill\path\PathManager.js.map
D:\work\cannondemo\cannondemo\jsbin\pan3d\engine\skill\path\SkillMulPath.js
D:\work\cannondemo\cannondemo\jsbin\pan3d\engine\skill\path\SkillMulPath.js.map
D:\work\cannondemo\cannondemo\jsbin\pan3d\engine\skill\path\SkillPath.js
D:\work\cannondemo\cannondemo\jsbin\pan3d\engine\skill\path\SkillPath.js.map
D:\work\cannondemo\cannondemo\jsbin\pan3d\engine\skill\path\SkillSinPath.js
D:\work\cannondemo\cannondemo\jsbin\pan3d\engine\skill\path\SkillSinPath.js.map
D:\work\cannondemo\cannondemo\jsbin\pan3d\engine\skill\Skill.js
D:\work\cannondemo\cannondemo\jsbin\pan3d\engine\skill\Skill.js.map
D:\work\cannondemo\cannondemo\jsbin\pan3d\engine\skill\SkillData.js
D:\work\cannondemo\cannondemo\jsbin\pan3d\engine\skill\SkillData.js.map
D:\work\cannondemo\cannondemo\jsbin\pan3d\engine\skill\SkillManager.js
D:\work\cannondemo\cannondemo\jsbin\pan3d\engine\skill\SkillManager.js.map
D:\work\cannondemo\cannondemo\jsbin\pan3d\engine\skill\vo\SkillKeyVo.js
D:\work\cannondemo\cannondemo\jsbin\pan3d\engine\skill\vo\SkillKeyVo.js.map
D:\work\cannondemo\cannondemo\jsbin\pan3d\engine\skill\vo\SkillVo.js
D:\work\cannondemo\cannondemo\jsbin\pan3d\engine\skill\vo\SkillVo.js.map
D:\work\cannondemo\cannondemo\jsbin\pan3d\engine\ui\base\FrameUIRender.js
D:\work\cannondemo\cannondemo\jsbin\pan3d\engine\ui\base\FrameUIRender.js.map
D:\work\cannondemo\cannondemo\jsbin\pan3d\engine\ui\base\InteractiveEvent.js
D:\work\cannondemo\cannondemo\jsbin\pan3d\engine\ui\base\InteractiveEvent.js.map
D:\work\cannondemo\cannondemo\jsbin\pan3d\engine\ui\base\TextAlign.js
D:\work\cannondemo\cannondemo\jsbin\pan3d\engine\ui\base\TextAlign.js.map
D:\work\cannondemo\cannondemo\jsbin\pan3d\engine\ui\base\UIAtlas.js
D:\work\cannondemo\cannondemo\jsbin\pan3d\engine\ui\base\UIAtlas.js.map
D:\work\cannondemo\cannondemo\jsbin\pan3d\engine\ui\base\UIBackImg.js
D:\work\cannondemo\cannondemo\jsbin\pan3d\engine\ui\base\UIBackImg.js.map
D:\work\cannondemo\cannondemo\jsbin\pan3d\engine\ui\base\UICompenent.js
D:\work\cannondemo\cannondemo\jsbin\pan3d\engine\ui\base\UICompenent.js.map
D:\work\cannondemo\cannondemo\jsbin\pan3d\engine\ui\base\UIContainer.js
D:\work\cannondemo\cannondemo\jsbin\pan3d\engine\ui\base\UIContainer.js.map
D:\work\cannondemo\cannondemo\jsbin\pan3d\engine\ui\base\UIData.js
D:\work\cannondemo\cannondemo\jsbin\pan3d\engine\ui\base\UIData.js.map
D:\work\cannondemo\cannondemo\jsbin\pan3d\engine\ui\base\UIGridRectangle.js
D:\work\cannondemo\cannondemo\jsbin\pan3d\engine\ui\base\UIGridRectangle.js.map
D:\work\cannondemo\cannondemo\jsbin\pan3d\engine\ui\base\UIListRenderComponent.js
D:\work\cannondemo\cannondemo\jsbin\pan3d\engine\ui\base\UIListRenderComponent.js.map
D:\work\cannondemo\cannondemo\jsbin\pan3d\engine\ui\base\UIMask.js
D:\work\cannondemo\cannondemo\jsbin\pan3d\engine\ui\base\UIMask.js.map
D:\work\cannondemo\cannondemo\jsbin\pan3d\engine\ui\base\UIRectangle.js
D:\work\cannondemo\cannondemo\jsbin\pan3d\engine\ui\base\UIRectangle.js.map
D:\work\cannondemo\cannondemo\jsbin\pan3d\engine\ui\base\UIRenderComponent.js
D:\work\cannondemo\cannondemo\jsbin\pan3d\engine\ui\base\UIRenderComponent.js.map
D:\work\cannondemo\cannondemo\jsbin\pan3d\engine\ui\base\UIVirtualContainer.js
D:\work\cannondemo\cannondemo\jsbin\pan3d\engine\ui\base\UIVirtualContainer.js.map
D:\work\cannondemo\cannondemo\jsbin\pan3d\engine\ui\compenent\AlphaUiContianer.js
D:\work\cannondemo\cannondemo\jsbin\pan3d\engine\ui\compenent\AlphaUiContianer.js.map
D:\work\cannondemo\cannondemo\jsbin\pan3d\engine\ui\compenent\BaseButton.js
D:\work\cannondemo\cannondemo\jsbin\pan3d\engine\ui\compenent\BaseButton.js.map
D:\work\cannondemo\cannondemo\jsbin\pan3d\engine\ui\compenent\Button.js
D:\work\cannondemo\cannondemo\jsbin\pan3d\engine\ui\compenent\Button.js.map
D:\work\cannondemo\cannondemo\jsbin\pan3d\engine\ui\compenent\CdUICompenent.js
D:\work\cannondemo\cannondemo\jsbin\pan3d\engine\ui\compenent\CdUICompenent.js.map
D:\work\cannondemo\cannondemo\jsbin\pan3d\engine\ui\compenent\Dis2DUIContianerPanel.js
D:\work\cannondemo\cannondemo\jsbin\pan3d\engine\ui\compenent\Dis2DUIContianerPanel.js.map
D:\work\cannondemo\cannondemo\jsbin\pan3d\engine\ui\compenent\FrameCompenent.js
D:\work\cannondemo\cannondemo\jsbin\pan3d\engine\ui\compenent\FrameCompenent.js.map
D:\work\cannondemo\cannondemo\jsbin\pan3d\engine\ui\compenent\Grid9Compenent.js
D:\work\cannondemo\cannondemo\jsbin\pan3d\engine\ui\compenent\Grid9Compenent.js.map
D:\work\cannondemo\cannondemo\jsbin\pan3d\engine\ui\compenent\GridList.js
D:\work\cannondemo\cannondemo\jsbin\pan3d\engine\ui\compenent\GridList.js.map
D:\work\cannondemo\cannondemo\jsbin\pan3d\engine\ui\compenent\List.js
D:\work\cannondemo\cannondemo\jsbin\pan3d\engine\ui\compenent\List.js.map
D:\work\cannondemo\cannondemo\jsbin\pan3d\engine\ui\compenent\RoationUiContianer.js
D:\work\cannondemo\cannondemo\jsbin\pan3d\engine\ui\compenent\RoationUiContianer.js.map
D:\work\cannondemo\cannondemo\jsbin\pan3d\engine\ui\compenent\SelectButton.js
D:\work\cannondemo\cannondemo\jsbin\pan3d\engine\ui\compenent\SelectButton.js.map
D:\work\cannondemo\cannondemo\jsbin\pan3d\engine\ui\compenent\SList.js
D:\work\cannondemo\cannondemo\jsbin\pan3d\engine\ui\compenent\SList.js.map
D:\work\cannondemo\cannondemo\jsbin\pan3d\engine\ui\IconManager.js
D:\work\cannondemo\cannondemo\jsbin\pan3d\engine\ui\IconManager.js.map
D:\work\cannondemo\cannondemo\jsbin\pan3d\engine\ui\PuiData.js
D:\work\cannondemo\cannondemo\jsbin\pan3d\engine\ui\PuiData.js.map
D:\work\cannondemo\cannondemo\jsbin\pan3d\engine\ui\UILoading.js
D:\work\cannondemo\cannondemo\jsbin\pan3d\engine\ui\UILoading.js.map
D:\work\cannondemo\cannondemo\jsbin\pan3d\engine\ui\UIManager.js
D:\work\cannondemo\cannondemo\jsbin\pan3d\engine\ui\UIManager.js.map
D:\work\cannondemo\cannondemo\jsbin\pan3d\engine\ui\UIStage.js
D:\work\cannondemo\cannondemo\jsbin\pan3d\engine\ui\UIStage.js.map
D:\work\cannondemo\cannondemo\jsbin\pan3d\engine\utils\AnimManager.js
D:\work\cannondemo\cannondemo\jsbin\pan3d\engine\utils\AnimManager.js.map
D:\work\cannondemo\cannondemo\jsbin\pan3d\engine\utils\ArtFont.js
D:\work\cannondemo\cannondemo\jsbin\pan3d\engine\utils\ArtFont.js.map
D:\work\cannondemo\cannondemo\jsbin\pan3d\engine\utils\AstarUtil.js
D:\work\cannondemo\cannondemo\jsbin\pan3d\engine\utils\AstarUtil.js.map
D:\work\cannondemo\cannondemo\jsbin\pan3d\engine\utils\Base64.js
D:\work\cannondemo\cannondemo\jsbin\pan3d\engine\utils\Base64.js.map
D:\work\cannondemo\cannondemo\jsbin\pan3d\engine\utils\BloodManager.js
D:\work\cannondemo\cannondemo\jsbin\pan3d\engine\utils\BloodManager.js.map
D:\work\cannondemo\cannondemo\jsbin\pan3d\engine\utils\ColorTransition.js
D:\work\cannondemo\cannondemo\jsbin\pan3d\engine\utils\ColorTransition.js.map
D:\work\cannondemo\cannondemo\jsbin\pan3d\engine\utils\curves\Curve.js
D:\work\cannondemo\cannondemo\jsbin\pan3d\engine\utils\curves\Curve.js.map
D:\work\cannondemo\cannondemo\jsbin\pan3d\engine\utils\GroupDataManager.js
D:\work\cannondemo\cannondemo\jsbin\pan3d\engine\utils\GroupDataManager.js.map
D:\work\cannondemo\cannondemo\jsbin\pan3d\engine\utils\KeyboardType.js
D:\work\cannondemo\cannondemo\jsbin\pan3d\engine\utils\KeyboardType.js.map
D:\work\cannondemo\cannondemo\jsbin\pan3d\engine\utils\KeyControl.js
D:\work\cannondemo\cannondemo\jsbin\pan3d\engine\utils\KeyControl.js.map
D:\work\cannondemo\cannondemo\jsbin\pan3d\engine\utils\LabelTextFont.js
D:\work\cannondemo\cannondemo\jsbin\pan3d\engine\utils\LabelTextFont.js.map
D:\work\cannondemo\cannondemo\jsbin\pan3d\engine\utils\LightProbeManager.js
D:\work\cannondemo\cannondemo\jsbin\pan3d\engine\utils\LightProbeManager.js.map
D:\work\cannondemo\cannondemo\jsbin\pan3d\engine\utils\LoadManager.js
D:\work\cannondemo\cannondemo\jsbin\pan3d\engine\utils\LoadManager.js.map
D:\work\cannondemo\cannondemo\jsbin\pan3d\engine\utils\MeshDataManager.js
D:\work\cannondemo\cannondemo\jsbin\pan3d\engine\utils\MeshDataManager.js.map
D:\work\cannondemo\cannondemo\jsbin\pan3d\engine\utils\ObjDataManager.js
D:\work\cannondemo\cannondemo\jsbin\pan3d\engine\utils\ObjDataManager.js.map
D:\work\cannondemo\cannondemo\jsbin\pan3d\engine\utils\res\BaseRes.js
D:\work\cannondemo\cannondemo\jsbin\pan3d\engine\utils\res\BaseRes.js.map
D:\work\cannondemo\cannondemo\jsbin\pan3d\engine\utils\res\GroupRes.js
D:\work\cannondemo\cannondemo\jsbin\pan3d\engine\utils\res\GroupRes.js.map
D:\work\cannondemo\cannondemo\jsbin\pan3d\engine\utils\res\ModelRes.js
D:\work\cannondemo\cannondemo\jsbin\pan3d\engine\utils\res\ModelRes.js.map
D:\work\cannondemo\cannondemo\jsbin\pan3d\engine\utils\res\ResManager.js
D:\work\cannondemo\cannondemo\jsbin\pan3d\engine\utils\res\ResManager.js.map
D:\work\cannondemo\cannondemo\jsbin\pan3d\engine\utils\res\RoleRes.js
D:\work\cannondemo\cannondemo\jsbin\pan3d\engine\utils\res\RoleRes.js.map
D:\work\cannondemo\cannondemo\jsbin\pan3d\engine\utils\res\RoleResLow.js
D:\work\cannondemo\cannondemo\jsbin\pan3d\engine\utils\res\RoleResLow.js.map
D:\work\cannondemo\cannondemo\jsbin\pan3d\engine\utils\res\SkillRes.js
D:\work\cannondemo\cannondemo\jsbin\pan3d\engine\utils\res\SkillRes.js.map
D:\work\cannondemo\cannondemo\jsbin\pan3d\engine\utils\shadow\Shadow.js
D:\work\cannondemo\cannondemo\jsbin\pan3d\engine\utils\shadow\Shadow.js.map
D:\work\cannondemo\cannondemo\jsbin\pan3d\engine\utils\shadow\ShadowManager.js
D:\work\cannondemo\cannondemo\jsbin\pan3d\engine\utils\shadow\ShadowManager.js.map
D:\work\cannondemo\cannondemo\jsbin\pan3d\engine\utils\SoundManager.js
D:\work\cannondemo\cannondemo\jsbin\pan3d\engine\utils\SoundManager.js.map
D:\work\cannondemo\cannondemo\jsbin\pan3d\engine\utils\TimeUtil.js
D:\work\cannondemo\cannondemo\jsbin\pan3d\engine\utils\TimeUtil.js.map
D:\work\cannondemo\cannondemo\jsbin\pan3d\engine\utils\Util.js
D:\work\cannondemo\cannondemo\jsbin\pan3d\engine\utils\Util.js.map
D:\work\cannondemo\cannondemo\jsbin\pan3d\engine\vo\collistion\CapsuleVo.js
D:\work\cannondemo\cannondemo\jsbin\pan3d\engine\vo\collistion\CapsuleVo.js.map
D:\work\cannondemo\cannondemo\jsbin\pan3d\engine\vo\collistion\CollisionVo.js
D:\work\cannondemo\cannondemo\jsbin\pan3d\engine\vo\collistion\CollisionVo.js.map
D:\work\cannondemo\cannondemo\jsbin\pan3d\engine\vo\LightVo.js
D:\work\cannondemo\cannondemo\jsbin\pan3d\engine\vo\LightVo.js.map
D:\work\cannondemo\cannondemo\jsbin\pan3d\engine\vo\skinanim\AnimData.js
D:\work\cannondemo\cannondemo\jsbin\pan3d\engine\vo\skinanim\AnimData.js.map
D:\work\cannondemo\cannondemo\jsbin\pan3d\engine\vo\skinanim\BoneSocketData.js
D:\work\cannondemo\cannondemo\jsbin\pan3d\engine\vo\skinanim\BoneSocketData.js.map
D:\work\cannondemo\cannondemo\jsbin\pan3d\engine\vo\skinanim\SkinMesh.js
D:\work\cannondemo\cannondemo\jsbin\pan3d\engine\vo\skinanim\SkinMesh.js.map
D:\work\cannondemo\cannondemo\jsbin\pan3d\mvcframe\Module.js
D:\work\cannondemo\cannondemo\jsbin\pan3d\mvcframe\Module.js.map
D:\work\cannondemo\cannondemo\jsbin\pan3d\mvcframe\ModuleEventManager.js
D:\work\cannondemo\cannondemo\jsbin\pan3d\mvcframe\ModuleEventManager.js.map
D:\work\cannondemo\cannondemo\jsbin\pan3d\mvcframe\Processor.js
D:\work\cannondemo\cannondemo\jsbin\pan3d\mvcframe\Processor.js.map
D:\work\cannondemo\cannondemo\jsbin\pan3d\UnitFunction.js
D:\work\cannondemo\cannondemo\jsbin\pan3d\UnitFunction.js.map
D:\work\cannondemo\cannondemo\jsbin\src\canondemo\CannonGameStart.js
D:\work\cannondemo\cannondemo\jsbin\src\canondemo\CannonGameStart.js.map
D:\work\cannondemo\cannondemo\jsbin\src\canondemo\dis\BaoxiangDisplay3DSprite.js
D:\work\cannondemo\cannondemo\jsbin\src\canondemo\dis\BaoxiangDisplay3DSprite.js.map
D:\work\cannondemo\cannondemo\jsbin\src\canondemo\dis\DiamondsDisplay3DSprite.js
D:\work\cannondemo\cannondemo\jsbin\src\canondemo\dis\DiamondsDisplay3DSprite.js.map
D:\work\cannondemo\cannondemo\jsbin\src\canondemo\dis\DynamicDirectShadowColorSprite.js
D:\work\cannondemo\cannondemo\jsbin\src\canondemo\dis\DynamicDirectShadowColorSprite.js.map
D:\work\cannondemo\cannondemo\jsbin\src\canondemo\dis\LevelMainCanonPrefabSprite.js
D:\work\cannondemo\cannondemo\jsbin\src\canondemo\dis\LevelMainCanonPrefabSprite.js.map
D:\work\cannondemo\cannondemo\jsbin\src\canondemo\dis\MainDirectShadowDisplay3DSprite.js
D:\work\cannondemo\cannondemo\jsbin\src\canondemo\dis\MainDirectShadowDisplay3DSprite.js.map
D:\work\cannondemo\cannondemo\jsbin\src\canondemo\dis\ReviveModelSprite.js
D:\work\cannondemo\cannondemo\jsbin\src\canondemo\dis\ReviveModelSprite.js.map
D:\work\cannondemo\cannondemo\jsbin\src\canondemo\GameData.js
D:\work\cannondemo\cannondemo\jsbin\src\canondemo\GameData.js.map
D:\work\cannondemo\cannondemo\jsbin\src\canondemo\Md5.js
D:\work\cannondemo\cannondemo\jsbin\src\canondemo\Md5.js.map
D:\work\cannondemo\cannondemo\jsbin\src\canondemo\model\GameSceneManager.js
D:\work\cannondemo\cannondemo\jsbin\src\canondemo\model\GameSceneManager.js.map
D:\work\cannondemo\cannondemo\jsbin\src\canondemo\model\GameSoundManager.js
D:\work\cannondemo\cannondemo\jsbin\src\canondemo\model\GameSoundManager.js.map
D:\work\cannondemo\cannondemo\jsbin\src\canondemo\model\GameLevelManeger.js
D:\work\cannondemo\cannondemo\jsbin\src\canondemo\model\GameLevelManeger.js.map
D:\work\cannondemo\cannondemo\jsbin\src\canondemo\model\GameStateBodyModl.js
D:\work\cannondemo\cannondemo\jsbin\src\canondemo\model\GameStateBodyModl.js.map
D:\work\cannondemo\cannondemo\jsbin\src\canondemo\model\MouseClikModel.js
D:\work\cannondemo\cannondemo\jsbin\src\canondemo\model\MouseClikModel.js.map
D:\work\cannondemo\cannondemo\jsbin\src\canondemo\model\vo\AllShareMeshVo.js
D:\work\cannondemo\cannondemo\jsbin\src\canondemo\model\vo\AllShareMeshVo.js.map
D:\work\cannondemo\cannondemo\jsbin\src\canondemo\model\GameSceneColor.js
D:\work\cannondemo\cannondemo\jsbin\src\canondemo\model\GameSceneColor.js.map
D:\work\cannondemo\cannondemo\jsbin\src\canondemo\model\vo\GameUserVo.js
D:\work\cannondemo\cannondemo\jsbin\src\canondemo\model\vo\GameUserVo.js.map
D:\work\cannondemo\cannondemo\jsbin\src\canondemo\model\vo\GravityVo.js
D:\work\cannondemo\cannondemo\jsbin\src\canondemo\model\vo\GravityVo.js.map
D:\work\cannondemo\cannondemo\jsbin\src\canondemo\model\vo\HelpOtherVo.js
D:\work\cannondemo\cannondemo\jsbin\src\canondemo\model\vo\HelpOtherVo.js.map
D:\work\cannondemo\cannondemo\jsbin\src\canondemo\model\vo\VesionInfo.js
D:\work\cannondemo\cannondemo\jsbin\src\canondemo\model\vo\VesionInfo.js.map
D:\work\cannondemo\cannondemo\jsbin\src\canondemo\modules\endless\endlessstart\EndLessStartProcessor.js
D:\work\cannondemo\cannondemo\jsbin\src\canondemo\modules\endless\endlessstart\EndLessStartProcessor.js.map
D:\work\cannondemo\cannondemo\jsbin\src\canondemo\modules\linkplay\LinkPlayGravityManager.js
D:\work\cannondemo\cannondemo\jsbin\src\canondemo\modules\linkplay\LinkPlayGravityManager.js.map
D:\work\cannondemo\cannondemo\jsbin\src\canondemo\modules\linkplay\LinkPlayManager.js
D:\work\cannondemo\cannondemo\jsbin\src\canondemo\modules\linkplay\LinkPlayManager.js.map
D:\work\cannondemo\cannondemo\jsbin\src\canondemo\modules\linkplay\LinkPlayProcessor.js
D:\work\cannondemo\cannondemo\jsbin\src\canondemo\modules\linkplay\LinkPlayProcessor.js.map
D:\work\cannondemo\cannondemo\jsbin\src\canondemo\modules\linkplay\LinkPlayStartPanel.js
D:\work\cannondemo\cannondemo\jsbin\src\canondemo\modules\linkplay\LinkPlayStartPanel.js.map
D:\work\cannondemo\cannondemo\jsbin\src\canondemo\modules\linkplay\LinkPlayCanonPrefabSprite.js
D:\work\cannondemo\cannondemo\jsbin\src\canondemo\modules\linkplay\LinkPlayCanonPrefabSprite.js.map
D:\work\cannondemo\cannondemo\jsbin\src\canondemo\modules\linkplay\LinkPlayMainUiPanel.js
D:\work\cannondemo\cannondemo\jsbin\src\canondemo\modules\linkplay\LinkPlayMainUiPanel.js.map
D:\work\cannondemo\cannondemo\jsbin\src\canondemo\modules\linkplay\LinkUserListModel.js
D:\work\cannondemo\cannondemo\jsbin\src\canondemo\modules\linkplay\LinkUserListModel.js.map
D:\work\cannondemo\cannondemo\jsbin\src\canondemo\modules\linkplay\room\LinkPlayCreatPanel.js
D:\work\cannondemo\cannondemo\jsbin\src\canondemo\modules\linkplay\room\LinkPlayCreatPanel.js.map
D:\work\cannondemo\cannondemo\jsbin\src\canondemo\modules\linkplay\room\LinkPlayRoomPanel.js
D:\work\cannondemo\cannondemo\jsbin\src\canondemo\modules\linkplay\room\LinkPlayRoomPanel.js.map
D:\work\cannondemo\cannondemo\jsbin\src\canondemo\modules\linkplay\room\LinkPlayRoomProcessor.js
D:\work\cannondemo\cannondemo\jsbin\src\canondemo\modules\linkplay\room\LinkPlayRoomProcessor.js.map
D:\work\cannondemo\cannondemo\jsbin\src\canondemo\modules\linkplay\room\LinkPlayRoomList.js
D:\work\cannondemo\cannondemo\jsbin\src\canondemo\modules\linkplay\room\LinkPlayRoomList.js.map
D:\work\cannondemo\cannondemo\jsbin\src\canondemo\modules\mainui\bottommenu\BottomMenuPanel.js
D:\work\cannondemo\cannondemo\jsbin\src\canondemo\modules\mainui\bottommenu\BottomMenuPanel.js.map
D:\work\cannondemo\cannondemo\jsbin\src\canondemo\modules\mainui\bottommenu\BottomMenuProcessor.js
D:\work\cannondemo\cannondemo\jsbin\src\canondemo\modules\mainui\bottommenu\BottomMenuProcessor.js.map
D:\work\cannondemo\cannondemo\jsbin\src\canondemo\model\vo\PandaMeshData.js
D:\work\cannondemo\cannondemo\jsbin\src\canondemo\model\vo\PandaMeshData.js.map
D:\work\cannondemo\cannondemo\jsbin\src\canondemo\modules\mainui\GuideHandPanel.js
D:\work\cannondemo\cannondemo\jsbin\src\canondemo\modules\mainui\GuideHandPanel.js.map
D:\work\cannondemo\cannondemo\jsbin\src\canondemo\modules\mainui\rightpanda\RightPandaPanel.js
D:\work\cannondemo\cannondemo\jsbin\src\canondemo\modules\mainui\rightpanda\RightPandaPanel.js.map
D:\work\cannondemo\cannondemo\jsbin\src\canondemo\modules\mainui\rightpanda\RightPandaProcessor.js
D:\work\cannondemo\cannondemo\jsbin\src\canondemo\modules\mainui\rightpanda\RightPandaProcessor.js.map
D:\work\cannondemo\cannondemo\jsbin\src\canondemo\modules\mainui\platform\PlatFormPanel.js
D:\work\cannondemo\cannondemo\jsbin\src\canondemo\modules\mainui\platform\PlatFormPanel.js.map
D:\work\cannondemo\cannondemo\jsbin\src\canondemo\modules\mainui\platform\PlatFormProcessor.js
D:\work\cannondemo\cannondemo\jsbin\src\canondemo\modules\mainui\platform\PlatFormProcessor.js.map
D:\work\cannondemo\cannondemo\jsbin\src\canondemo\modules\mainui\topmenu\CentreInofTxtView.js
D:\work\cannondemo\cannondemo\jsbin\src\canondemo\modules\mainui\topmenu\CentreInofTxtView.js.map
D:\work\cannondemo\cannondemo\jsbin\src\canondemo\modules\mainui\topmenu\TopMenuPanel.js
D:\work\cannondemo\cannondemo\jsbin\src\canondemo\modules\mainui\topmenu\TopMenuPanel.js.map
D:\work\cannondemo\cannondemo\jsbin\src\canondemo\modules\mainui\topmenu\TopMenuProcessor.js
D:\work\cannondemo\cannondemo\jsbin\src\canondemo\modules\mainui\topmenu\TopMenuProcessor.js.map
D:\work\cannondemo\cannondemo\jsbin\src\canondemo\modules\mainui\MainuiProcessor.js
D:\work\cannondemo\cannondemo\jsbin\src\canondemo\modules\mainui\MainuiProcessor.js.map
D:\work\cannondemo\cannondemo\jsbin\src\canondemo\modules\online\onlinestart\OnlineStartProcessor.js
D:\work\cannondemo\cannondemo\jsbin\src\canondemo\modules\online\onlinestart\OnlineStartProcessor.js.map
D:\work\cannondemo\cannondemo\jsbin\src\canondemo\panel\offline\OffLinePanel.js
D:\work\cannondemo\cannondemo\jsbin\src\canondemo\panel\offline\OffLinePanel.js.map
D:\work\cannondemo\cannondemo\jsbin\src\canondemo\panel\offline\OffLineProcessor.js
D:\work\cannondemo\cannondemo\jsbin\src\canondemo\panel\offline\OffLineProcessor.js.map
D:\work\cannondemo\cannondemo\jsbin\src\canondemo\panel\resetplay\RevivePanel.js
D:\work\cannondemo\cannondemo\jsbin\src\canondemo\panel\resetplay\RevivePanel.js.map
D:\work\cannondemo\cannondemo\jsbin\src\canondemo\panel\concern\ConcernPanel.js
D:\work\cannondemo\cannondemo\jsbin\src\canondemo\panel\concern\ConcernPanel.js.map
D:\work\cannondemo\cannondemo\jsbin\src\canondemo\panel\concern\ConcernProcessor.js
D:\work\cannondemo\cannondemo\jsbin\src\canondemo\panel\concern\ConcernProcessor.js.map
D:\work\cannondemo\cannondemo\jsbin\src\canondemo\panel\skineffict\SkineffictPanel.js
D:\work\cannondemo\cannondemo\jsbin\src\canondemo\panel\skineffict\SkineffictPanel.js.map
D:\work\cannondemo\cannondemo\jsbin\src\canondemo\panel\skineffict\SkineffictProcessor.js
D:\work\cannondemo\cannondemo\jsbin\src\canondemo\panel\skineffict\SkineffictProcessor.js.map
D:\work\cannondemo\cannondemo\jsbin\src\canondemo\panel\baoxiang\BaoxiangPanel.js
D:\work\cannondemo\cannondemo\jsbin\src\canondemo\panel\baoxiang\BaoxiangPanel.js.map
D:\work\cannondemo\cannondemo\jsbin\src\canondemo\panel\baoxiang\BaoxiangProcessor.js
D:\work\cannondemo\cannondemo\jsbin\src\canondemo\panel\baoxiang\BaoxiangProcessor.js.map
D:\work\cannondemo\cannondemo\jsbin\src\canondemo\panel\friendrank\FriendRankPanel.js
D:\work\cannondemo\cannondemo\jsbin\src\canondemo\panel\friendrank\FriendRankPanel.js.map
D:\work\cannondemo\cannondemo\jsbin\src\canondemo\panel\friendrank\FriendRankProcessor.js
D:\work\cannondemo\cannondemo\jsbin\src\canondemo\panel\friendrank\FriendRankProcessor.js.map
D:\work\cannondemo\cannondemo\jsbin\src\canondemo\panel\help\HelpListPanel.js
D:\work\cannondemo\cannondemo\jsbin\src\canondemo\panel\help\HelpListPanel.js.map
D:\work\cannondemo\cannondemo\jsbin\src\canondemo\panel\help\HelpOtherPanel.js
D:\work\cannondemo\cannondemo\jsbin\src\canondemo\panel\help\HelpOtherPanel.js.map
D:\work\cannondemo\cannondemo\jsbin\src\canondemo\panel\help\HelpProcessor.js
D:\work\cannondemo\cannondemo\jsbin\src\canondemo\panel\help\HelpProcessor.js.map
D:\work\cannondemo\cannondemo\jsbin\src\canondemo\panel\help\OtherHelpMePanel.js
D:\work\cannondemo\cannondemo\jsbin\src\canondemo\panel\help\OtherHelpMePanel.js.map
D:\work\cannondemo\cannondemo\jsbin\src\canondemo\panel\invitation\InvitationLiseView.js
D:\work\cannondemo\cannondemo\jsbin\src\canondemo\panel\invitation\InvitationLiseView.js.map
D:\work\cannondemo\cannondemo\jsbin\src\canondemo\panel\levelup\FristLevelUpPanel.js
D:\work\cannondemo\cannondemo\jsbin\src\canondemo\panel\levelup\FristLevelUpPanel.js.map
D:\work\cannondemo\cannondemo\jsbin\src\canondemo\panel\lottery\LotteryPanel.js
D:\work\cannondemo\cannondemo\jsbin\src\canondemo\panel\lottery\LotteryPanel.js.map
D:\work\cannondemo\cannondemo\jsbin\src\canondemo\panel\lottery\LotteryProcessor.js
D:\work\cannondemo\cannondemo\jsbin\src\canondemo\panel\lottery\LotteryProcessor.js.map
D:\work\cannondemo\cannondemo\jsbin\src\canondemo\panel\megame\MeGameProcessor.js
D:\work\cannondemo\cannondemo\jsbin\src\canondemo\panel\megame\MeGameProcessor.js.map
D:\work\cannondemo\cannondemo\jsbin\src\canondemo\panel\megame\MeGamePanel.js
D:\work\cannondemo\cannondemo\jsbin\src\canondemo\panel\megame\MeGamePanel.js.map
D:\work\cannondemo\cannondemo\jsbin\src\canondemo\panel\menuselect\MenuSelectProcessor.js
D:\work\cannondemo\cannondemo\jsbin\src\canondemo\panel\menuselect\MenuSelectProcessor.js.map
D:\work\cannondemo\cannondemo\jsbin\src\canondemo\panel\setupwin\SetupWinProcessor.js
D:\work\cannondemo\cannondemo\jsbin\src\canondemo\panel\setupwin\SetupWinProcessor.js.map
D:\work\cannondemo\cannondemo\jsbin\src\canondemo\panel\BaseWinPanel.js
D:\work\cannondemo\cannondemo\jsbin\src\canondemo\panel\BaseWinPanel.js.map
D:\work\cannondemo\cannondemo\jsbin\src\canondemo\modules\endless\panel\EndLessLeftRankPanel.js
D:\work\cannondemo\cannondemo\jsbin\src\canondemo\modules\endless\panel\EndLessLeftRankPanel.js.map
D:\work\cannondemo\cannondemo\jsbin\src\canondemo\modules\endless\EndlessMapSceneVo.js
D:\work\cannondemo\cannondemo\jsbin\src\canondemo\modules\endless\EndlessMapSceneVo.js.map
D:\work\cannondemo\cannondemo\jsbin\src\canondemo\modules\scene\SceneEvent.js
D:\work\cannondemo\cannondemo\jsbin\src\canondemo\modules\scene\SceneEvent.js.map
D:\work\cannondemo\cannondemo\jsbin\src\canondemo\modules\scene\SceneProcessor.js
D:\work\cannondemo\cannondemo\jsbin\src\canondemo\modules\scene\SceneProcessor.js.map
D:\work\cannondemo\cannondemo\jsbin\src\canondemo\modules\ModuleList.js
D:\work\cannondemo\cannondemo\jsbin\src\canondemo\modules\ModuleList.js.map
D:\work\cannondemo\cannondemo\jsbin\src\canondemo\modules\scene\SceneModule.js
D:\work\cannondemo\cannondemo\jsbin\src\canondemo\modules\scene\SceneModule.js.map
D:\work\cannondemo\cannondemo\jsbin\src\canondemo\panel\AlertUtil.js
D:\work\cannondemo\cannondemo\jsbin\src\canondemo\panel\AlertUtil.js.map
D:\work\cannondemo\cannondemo\jsbin\src\canondemo\panel\CammandPanel.js
D:\work\cannondemo\cannondemo\jsbin\src\canondemo\panel\CammandPanel.js.map
D:\work\cannondemo\cannondemo\jsbin\src\canondemo\modules\endless\EndlessManager.js
D:\work\cannondemo\cannondemo\jsbin\src\canondemo\modules\endless\EndlessManager.js.map
D:\work\cannondemo\cannondemo\jsbin\src\canondemo\modules\endless\panel\EndlessFinishPanel.js
D:\work\cannondemo\cannondemo\jsbin\src\canondemo\modules\endless\panel\EndlessFinishPanel.js.map
D:\work\cannondemo\cannondemo\jsbin\src\canondemo\modules\endless\EndLessProcessor.js
D:\work\cannondemo\cannondemo\jsbin\src\canondemo\modules\endless\EndLessProcessor.js.map
D:\work\cannondemo\cannondemo\jsbin\src\canondemo\modules\endless\panel\EndLessRevivePanel.js
D:\work\cannondemo\cannondemo\jsbin\src\canondemo\modules\endless\panel\EndLessRevivePanel.js.map
D:\work\cannondemo\cannondemo\jsbin\src\canondemo\modules\endless\endlessstart\EndLessStartPanel.js
D:\work\cannondemo\cannondemo\jsbin\src\canondemo\modules\endless\endlessstart\EndLessStartPanel.js.map
D:\work\cannondemo\cannondemo\jsbin\src\canondemo\modules\endless\panel\EndLessTopPanel.js
D:\work\cannondemo\cannondemo\jsbin\src\canondemo\modules\endless\panel\EndLessTopPanel.js.map
D:\work\cannondemo\cannondemo\jsbin\src\canondemo\panel\special\SpecialLevelTopPanel.js
D:\work\cannondemo\cannondemo\jsbin\src\canondemo\panel\special\SpecialLevelTopPanel.js.map
D:\work\cannondemo\cannondemo\jsbin\src\canondemo\panel\special\SpecialLiseView.js
D:\work\cannondemo\cannondemo\jsbin\src\canondemo\panel\special\SpecialLiseView.js.map
D:\work\cannondemo\cannondemo\jsbin\src\canondemo\panel\special\SpecialPanel.js
D:\work\cannondemo\cannondemo\jsbin\src\canondemo\panel\special\SpecialPanel.js.map
D:\work\cannondemo\cannondemo\jsbin\src\canondemo\panel\special\SpecialProcessor.js
D:\work\cannondemo\cannondemo\jsbin\src\canondemo\panel\special\SpecialProcessor.js.map
D:\work\cannondemo\cannondemo\jsbin\src\canondemo\panel\task\TaskGetPanel.js
D:\work\cannondemo\cannondemo\jsbin\src\canondemo\panel\task\TaskGetPanel.js.map
D:\work\cannondemo\cannondemo\jsbin\src\canondemo\panel\vip\VipPanel.js
D:\work\cannondemo\cannondemo\jsbin\src\canondemo\panel\vip\VipPanel.js.map
D:\work\cannondemo\cannondemo\jsbin\src\canondemo\panel\vip\VipProcessor.js
D:\work\cannondemo\cannondemo\jsbin\src\canondemo\panel\vip\VipProcessor.js.map
D:\work\cannondemo\cannondemo\jsbin\src\canondemo\panel\topstart\TopStartProcessor.js
D:\work\cannondemo\cannondemo\jsbin\src\canondemo\panel\topstart\TopStartProcessor.js.map
D:\work\cannondemo\cannondemo\jsbin\src\canondemo\panel\levelup\LevelUpProcessor.js
D:\work\cannondemo\cannondemo\jsbin\src\canondemo\panel\levelup\LevelUpProcessor.js.map
D:\work\cannondemo\cannondemo\jsbin\src\canondemo\modules\online\OnlineCanonPrefabSprite.js
D:\work\cannondemo\cannondemo\jsbin\src\canondemo\modules\online\OnlineCanonPrefabSprite.js.map
D:\work\cannondemo\cannondemo\jsbin\src\canondemo\modules\online\OnlineDiamondsDisplay3DSprite.js
D:\work\cannondemo\cannondemo\jsbin\src\canondemo\modules\online\OnlineDiamondsDisplay3DSprite.js.map
D:\work\cannondemo\cannondemo\jsbin\src\canondemo\modules\online\panel\OnlineFinishPanel.js
D:\work\cannondemo\cannondemo\jsbin\src\canondemo\modules\online\panel\OnlineFinishPanel.js.map
D:\work\cannondemo\cannondemo\jsbin\src\canondemo\modules\online\OnlineManager.js
D:\work\cannondemo\cannondemo\jsbin\src\canondemo\modules\online\OnlineManager.js.map
D:\work\cannondemo\cannondemo\jsbin\src\canondemo\modules\online\panel\OnlineMainPanel.js
D:\work\cannondemo\cannondemo\jsbin\src\canondemo\modules\online\panel\OnlineMainPanel.js.map
D:\work\cannondemo\cannondemo\jsbin\src\canondemo\modules\online\onlinestart\OnlineStartPanel.js
D:\work\cannondemo\cannondemo\jsbin\src\canondemo\modules\online\onlinestart\OnlineStartPanel.js.map
D:\work\cannondemo\cannondemo\jsbin\src\canondemo\modules\online\OnlineProcessor.js
D:\work\cannondemo\cannondemo\jsbin\src\canondemo\modules\online\OnlineProcessor.js.map
D:\work\cannondemo\cannondemo\jsbin\src\canondemo\modules\online\OnlineUserAiModel.js
D:\work\cannondemo\cannondemo\jsbin\src\canondemo\modules\online\OnlineUserAiModel.js.map
D:\work\cannondemo\cannondemo\jsbin\src\canondemo\modules\online\OnlineUserHeadPicSprite.js
D:\work\cannondemo\cannondemo\jsbin\src\canondemo\modules\online\OnlineUserHeadPicSprite.js.map
D:\work\cannondemo\cannondemo\jsbin\src\canondemo\panel\rank\RankListView.js
D:\work\cannondemo\cannondemo\jsbin\src\canondemo\panel\rank\RankListView.js.map
D:\work\cannondemo\cannondemo\jsbin\src\canondemo\panel\H5UIConatiner.js
D:\work\cannondemo\cannondemo\jsbin\src\canondemo\panel\H5UIConatiner.js.map
D:\work\cannondemo\cannondemo\jsbin\src\canondemo\panel\invitation\InvitationPanel.js
D:\work\cannondemo\cannondemo\jsbin\src\canondemo\panel\invitation\InvitationPanel.js.map
D:\work\cannondemo\cannondemo\jsbin\src\canondemo\panel\invitation\InvitationProcessor.js
D:\work\cannondemo\cannondemo\jsbin\src\canondemo\panel\invitation\InvitationProcessor.js.map
D:\work\cannondemo\cannondemo\jsbin\src\canondemo\panel\levelup\BestFriendPanel.js
D:\work\cannondemo\cannondemo\jsbin\src\canondemo\panel\levelup\BestFriendPanel.js.map
D:\work\cannondemo\cannondemo\jsbin\src\canondemo\panel\menuselect\MenuSelectPanel.js
D:\work\cannondemo\cannondemo\jsbin\src\canondemo\panel\menuselect\MenuSelectPanel.js.map
D:\work\cannondemo\cannondemo\jsbin\src\canondemo\panel\rank\RankPanel.js
D:\work\cannondemo\cannondemo\jsbin\src\canondemo\panel\rank\RankPanel.js.map
D:\work\cannondemo\cannondemo\jsbin\src\canondemo\panel\rank\RankProcessor.js
D:\work\cannondemo\cannondemo\jsbin\src\canondemo\panel\rank\RankProcessor.js.map
D:\work\cannondemo\cannondemo\jsbin\src\canondemo\panel\resetplay\ResetPlayPanel.js
D:\work\cannondemo\cannondemo\jsbin\src\canondemo\panel\resetplay\ResetPlayPanel.js.map
D:\work\cannondemo\cannondemo\jsbin\src\canondemo\panel\resetplay\ResetPlayProcessor.js
D:\work\cannondemo\cannondemo\jsbin\src\canondemo\panel\resetplay\ResetPlayProcessor.js.map
D:\work\cannondemo\cannondemo\jsbin\src\canondemo\panel\selectlevel\SelectLevelPanel.js
D:\work\cannondemo\cannondemo\jsbin\src\canondemo\panel\selectlevel\SelectLevelPanel.js.map
D:\work\cannondemo\cannondemo\jsbin\src\canondemo\panel\selectlevel\SelectLevelProcessor.js
D:\work\cannondemo\cannondemo\jsbin\src\canondemo\panel\selectlevel\SelectLevelProcessor.js.map
D:\work\cannondemo\cannondemo\jsbin\src\canondemo\panel\setupwin\SetupWinPanel.js
D:\work\cannondemo\cannondemo\jsbin\src\canondemo\panel\setupwin\SetupWinPanel.js.map
D:\work\cannondemo\cannondemo\jsbin\src\canondemo\panel\skin\SkinListPanel.js
D:\work\cannondemo\cannondemo\jsbin\src\canondemo\panel\skin\SkinListPanel.js.map
D:\work\cannondemo\cannondemo\jsbin\src\canondemo\panel\skin\SkinListProcessor.js
D:\work\cannondemo\cannondemo\jsbin\src\canondemo\panel\skin\SkinListProcessor.js.map
D:\work\cannondemo\cannondemo\jsbin\src\canondemo\panel\task\TaskLiseView.js
D:\work\cannondemo\cannondemo\jsbin\src\canondemo\panel\task\TaskLiseView.js.map
D:\work\cannondemo\cannondemo\jsbin\src\canondemo\panel\task\TaskPanel.js
D:\work\cannondemo\cannondemo\jsbin\src\canondemo\panel\task\TaskPanel.js.map
D:\work\cannondemo\cannondemo\jsbin\src\canondemo\panel\task\TaskProcessor.js
D:\work\cannondemo\cannondemo\jsbin\src\canondemo\panel\task\TaskProcessor.js.map
D:\work\cannondemo\cannondemo\jsbin\src\GameLayaPanel.js
D:\work\cannondemo\cannondemo\jsbin\src\GameLayaPanel.js.map
D:\work\cannondemo\cannondemo\jsbin\src\canondemo\dis\CanonSceneSprite.js
D:\work\cannondemo\cannondemo\jsbin\src\canondemo\dis\CanonSceneSprite.js.map
D:\work\cannondemo\cannondemo\jsbin\src\canondemo\dis\DirectShadowColorSprite.js
D:\work\cannondemo\cannondemo\jsbin\src\canondemo\dis\DirectShadowColorSprite.js.map
D:\work\cannondemo\cannondemo\jsbin\src\canondemo\dis\GameBgSprite.js
D:\work\cannondemo\cannondemo\jsbin\src\canondemo\dis\GameBgSprite.js.map
D:\work\cannondemo\cannondemo\jsbin\src\canondemo\model\GameDataModel.js
D:\work\cannondemo\cannondemo\jsbin\src\canondemo\model\GameDataModel.js.map
D:\work\cannondemo\cannondemo\jsbin\src\canondemo\dis\MainCanonPrefabSprite.js
D:\work\cannondemo\cannondemo\jsbin\src\canondemo\dis\MainCanonPrefabSprite.js.map
D:\work\cannondemo\cannondemo\jsbin\src\canondemo\model\GameGravityManager.js
D:\work\cannondemo\cannondemo\jsbin\src\canondemo\model\GameGravityManager.js.map
D:\work\cannondemo\cannondemo\jsbin\pan3dinit\shadow\DirectShadowDisplay3DSprite.js
D:\work\cannondemo\cannondemo\jsbin\pan3dinit\shadow\DirectShadowDisplay3DSprite.js.map
D:\work\cannondemo\cannondemo\jsbin\src\canondemo\dis\ShadowLaya3dSprite.js
D:\work\cannondemo\cannondemo\jsbin\src\canondemo\dis\ShadowLaya3dSprite.js.map
D:\work\cannondemo\cannondemo\jsbin\pan3dinit\shadow\ShadowModel.js
D:\work\cannondemo\cannondemo\jsbin\pan3dinit\shadow\ShadowModel.js.map
D:\work\cannondemo\cannondemo\jsbin\src\canondemo\panel\topstart\TopStartView.js
D:\work\cannondemo\cannondemo\jsbin\src\canondemo\panel\topstart\TopStartView.js.map
D:\work\cannondemo\cannondemo\jsbin\src\frame3d\Frame3dCannonSprite.js
D:\work\cannondemo\cannondemo\jsbin\src\frame3d\Frame3dCannonSprite.js.map
D:\work\cannondemo\cannondemo\jsbin\src\frame3d\Frame3dRes.js
D:\work\cannondemo\cannondemo\jsbin\src\frame3d\Frame3dRes.js.map
D:\work\cannondemo\cannondemo\jsbin\src\frame3d\FrameCanonPrefabSprite.js
D:\work\cannondemo\cannondemo\jsbin\src\frame3d\FrameCanonPrefabSprite.js.map
D:\work\cannondemo\cannondemo\jsbin\src\GamePanPanel.js
D:\work\cannondemo\cannondemo\jsbin\src\GamePanPanel.js.map
D:\work\cannondemo\cannondemo\jsbin\src\canondemo\modules\linkplay\matchvs\MsEngine.js
D:\work\cannondemo\cannondemo\jsbin\src\canondemo\modules\linkplay\matchvs\MsEngine.js.map
D:\work\cannondemo\cannondemo\jsbin\src\pansrc\BaseLaya3dSprite.js
D:\work\cannondemo\cannondemo\jsbin\src\pansrc\BaseLaya3dSprite.js.map
D:\work\cannondemo\cannondemo\jsbin\src\pansrc\Game2dChar.js
D:\work\cannondemo\cannondemo\jsbin\src\pansrc\Game2dChar.js.map
D:\work\cannondemo\cannondemo\jsbin\src\pansrc\Game3dChar.js
D:\work\cannondemo\cannondemo\jsbin\src\pansrc\Game3dChar.js.map
D:\work\cannondemo\cannondemo\jsbin\src\Launch.js
D:\work\cannondemo\cannondemo\jsbin\src\Launch.js.map
D:\work\cannondemo\cannondemo\jsbin\src\pansrc\layapan\LayaBloodManager.js
D:\work\cannondemo\cannondemo\jsbin\src\pansrc\layapan\LayaBloodManager.js.map
D:\work\cannondemo\cannondemo\jsbin\src\pansrc\layapan\LayaSceneBaseChar.js
D:\work\cannondemo\cannondemo\jsbin\src\pansrc\layapan\LayaSceneBaseChar.js.map
D:\work\cannondemo\cannondemo\jsbin\src\pansrc\layapan\LayaSceneChar.js
D:\work\cannondemo\cannondemo\jsbin\src\pansrc\layapan\LayaSceneChar.js.map
D:\work\cannondemo\cannondemo\jsbin\src\pansrc\layapan\overridebase\LayaOverride2dEngine.js
D:\work\cannondemo\cannondemo\jsbin\src\pansrc\layapan\overridebase\LayaOverride2dEngine.js.map
D:\work\cannondemo\cannondemo\jsbin\src\pansrc\layapan\overridebase\LayaOverride2dParticleManager.js
D:\work\cannondemo\cannondemo\jsbin\src\pansrc\layapan\overridebase\LayaOverride2dParticleManager.js.map
D:\work\cannondemo\cannondemo\jsbin\src\pansrc\layapan\overridebase\LayaOverride2dSceneManager.js
D:\work\cannondemo\cannondemo\jsbin\src\pansrc\layapan\overridebase\LayaOverride2dSceneManager.js.map
D:\work\cannondemo\cannondemo\jsbin\src\pansrc\layapan\overridebase\LayaOverride2dSkillManager.js
D:\work\cannondemo\cannondemo\jsbin\src\pansrc\layapan\overridebase\LayaOverride2dSkillManager.js.map
D:\work\cannondemo\cannondemo\jsbin\src\pansrc\layapan\overridebase\LayaOverrideGroupDataManager.js
D:\work\cannondemo\cannondemo\jsbin\src\pansrc\layapan\overridebase\LayaOverrideGroupDataManager.js.map
D:\work\cannondemo\cannondemo\jsbin\src\pansrc\layapan\overridebase\LayaScene2dInit.js
D:\work\cannondemo\cannondemo\jsbin\src\pansrc\layapan\overridebase\LayaScene2dInit.js.map
D:\work\cannondemo\cannondemo\jsbin\src\pansrc\layapan\overridebase\skill\OverrideSkill.js
D:\work\cannondemo\cannondemo\jsbin\src\pansrc\layapan\overridebase\skill\OverrideSkill.js.map
D:\work\cannondemo\cannondemo\jsbin\src\pansrc\layapan\overridebase\skill\OverrideSkillFixEffect.js
D:\work\cannondemo\cannondemo\jsbin\src\pansrc\layapan\overridebase\skill\OverrideSkillFixEffect.js.map
D:\work\cannondemo\cannondemo\jsbin\src\pansrc\layapan\overridebase\skill\OverrideSkillKeyVo.js
D:\work\cannondemo\cannondemo\jsbin\src\pansrc\layapan\overridebase\skill\OverrideSkillKeyVo.js.map
D:\work\cannondemo\cannondemo\jsbin\src\pansrc\layapan\LayaInsideSprite.js
D:\work\cannondemo\cannondemo\jsbin\src\pansrc\layapan\LayaInsideSprite.js.map
D:\work\cannondemo\cannondemo\jsbin\src\pansrc\layapan\overridebase\skill\OverrideSkillTrajectory.js
D:\work\cannondemo\cannondemo\jsbin\src\pansrc\layapan\overridebase\skill\OverrideSkillTrajectory.js.map
D:\work\cannondemo\cannondemo\jsbin\src\pansrc\Scene3dLaya3dSprite.js
D:\work\cannondemo\cannondemo\jsbin\src\pansrc\Scene3dLaya3dSprite.js.map
D:\work\cannondemo\cannondemo\jsbin\src\TestDisplaySprite.js
D:\work\cannondemo\cannondemo\jsbin\src\TestDisplaySprite.js.map
